/Users/ayik/.virtualenvs/fred/lib/python2.7/site-packages/fred/__init__.py
/Users/ayik/.virtualenvs/fred/lib/python2.7/site-packages/fred/client_socket.py
/Users/ayik/.virtualenvs/fred/lib/python2.7/site-packages/fred/cmd_parser.py
/Users/ayik/.virtualenvs/fred/lib/python2.7/site-packages/fred/console.py
/Users/ayik/.virtualenvs/fred/lib/python2.7/site-packages/fred/creator.py
/Users/ayik/.virtualenvs/fred/lib/python2.7/site-packages/fred/eppdoc.py
/Users/ayik/.virtualenvs/fred/lib/python2.7/site-packages/fred/eppdoc_assemble.py
/Users/ayik/.virtualenvs/fred/lib/python2.7/site-packages/fred/eppdoc_client.py
/Users/ayik/.virtualenvs/fred/lib/python2.7/site-packages/fred/internal_variables.py
/Users/ayik/.virtualenvs/fred/lib/python2.7/site-packages/fred/sender.py
/Users/ayik/.virtualenvs/fred/lib/python2.7/site-packages/fred/session_base.py
/Users/ayik/.virtualenvs/fred/lib/python2.7/site-packages/fred/session_command.py
/Users/ayik/.virtualenvs/fred/lib/python2.7/site-packages/fred/session_config.py
/Users/ayik/.virtualenvs/fred/lib/python2.7/site-packages/fred/session_receiver.py
/Users/ayik/.virtualenvs/fred/lib/python2.7/site-packages/fred/session_transfer.py
/Users/ayik/.virtualenvs/fred/lib/python2.7/site-packages/fred/terminal_controler.py
/Users/ayik/.virtualenvs/fred/lib/python2.7/site-packages/fred/test_incomming_messages.py
/Users/ayik/.virtualenvs/fred/lib/python2.7/site-packages/fred/test_parser.py
/Users/ayik/.virtualenvs/fred/lib/python2.7/site-packages/fred/translate.py
/Users/ayik/.virtualenvs/fred/lib/python2.7/site-packages/guiqt4/__init__.py
/Users/ayik/.virtualenvs/fred/lib/python2.7/site-packages/guiqt4/create_contact.py
/Users/ayik/.virtualenvs/fred/lib/python2.7/site-packages/guiqt4/create_domain.py
/Users/ayik/.virtualenvs/fred/lib/python2.7/site-packages/guiqt4/create_nsset.py
/Users/ayik/.virtualenvs/fred/lib/python2.7/site-packages/guiqt4/dns.py
/Users/ayik/.virtualenvs/fred/lib/python2.7/site-packages/guiqt4/main.py
/Users/ayik/.virtualenvs/fred/lib/python2.7/site-packages/guiqt4/shared_fnc.py
/Users/ayik/.virtualenvs/fred/lib/python2.7/site-packages/guiqt4/sources.py
/Users/ayik/.virtualenvs/fred/lib/python2.7/site-packages/guiqt4/test_share_fnc.py
/Users/ayik/.virtualenvs/fred/lib/python2.7/site-packages/guiqt4/ui_create_contact.py
/Users/ayik/.virtualenvs/fred/lib/python2.7/site-packages/guiqt4/ui_create_domain.py
/Users/ayik/.virtualenvs/fred/lib/python2.7/site-packages/guiqt4/ui_create_nsset.py
/Users/ayik/.virtualenvs/fred/lib/python2.7/site-packages/guiqt4/ui_dns.py
/Users/ayik/.virtualenvs/fred/lib/python2.7/site-packages/guiqt4/ui_main.py
/Users/ayik/.virtualenvs/fred/lib/python2.7/site-packages/guiqt4/ui_sources.py
/Users/ayik/.virtualenvs/fred/lib/python2.7/site-packages/guiqt4/ui_update_contact.py
/Users/ayik/.virtualenvs/fred/lib/python2.7/site-packages/guiqt4/ui_update_domain.py
/Users/ayik/.virtualenvs/fred/lib/python2.7/site-packages/guiqt4/ui_update_nsset.py
/Users/ayik/.virtualenvs/fred/lib/python2.7/site-packages/guiqt4/update_contact.py
/Users/ayik/.virtualenvs/fred/lib/python2.7/site-packages/guiqt4/update_domain.py
/Users/ayik/.virtualenvs/fred/lib/python2.7/site-packages/guiqt4/update_nsset.py
/Users/ayik/.virtualenvs/fred/lib/python2.7/site-packages/fred/LICENSE
/Users/ayik/.virtualenvs/fred/lib/python2.7/site-packages/fred/CREDITS
/Users/ayik/.virtualenvs/fred/lib/python2.7/site-packages/fred/lang/fred_client_cs.po
/Users/ayik/.virtualenvs/fred/lib/python2.7/site-packages/fred/lang/cs/LC_MESSAGES/fred_client.mo
/Users/ayik/.virtualenvs/fred/lib/python2.7/site-packages/guiqt4/icon.png
/Users/ayik/.virtualenvs/fred/lib/python2.7/site-packages/guiqt4/icon_source.png
/Users/ayik/.virtualenvs/fred/lib/python2.7/site-packages/guiqt4/linguist-prev.png
/Users/ayik/.virtualenvs/fred/lib/python2.7/site-packages/guiqt4/logo_connect.png
/Users/ayik/.virtualenvs/fred/lib/python2.7/site-packages/guiqt4/logo_contact.png
/Users/ayik/.virtualenvs/fred/lib/python2.7/site-packages/guiqt4/logo_cz_nic.png
/Users/ayik/.virtualenvs/fred/lib/python2.7/site-packages/guiqt4/logo_domain.png
/Users/ayik/.virtualenvs/fred/lib/python2.7/site-packages/guiqt4/logo_nsset.png
/Users/ayik/.virtualenvs/fred/lib/python2.7/site-packages/guiqt4/clientqt_cs.qm
/Users/ayik/.virtualenvs/fred/lib/python2.7/site-packages/fred/__init__.pyc
/Users/ayik/.virtualenvs/fred/lib/python2.7/site-packages/fred/client_socket.pyc
/Users/ayik/.virtualenvs/fred/lib/python2.7/site-packages/fred/cmd_parser.pyc
/Users/ayik/.virtualenvs/fred/lib/python2.7/site-packages/fred/console.pyc
/Users/ayik/.virtualenvs/fred/lib/python2.7/site-packages/fred/creator.pyc
/Users/ayik/.virtualenvs/fred/lib/python2.7/site-packages/fred/eppdoc.pyc
/Users/ayik/.virtualenvs/fred/lib/python2.7/site-packages/fred/eppdoc_assemble.pyc
/Users/ayik/.virtualenvs/fred/lib/python2.7/site-packages/fred/eppdoc_client.pyc
/Users/ayik/.virtualenvs/fred/lib/python2.7/site-packages/fred/internal_variables.pyc
/Users/ayik/.virtualenvs/fred/lib/python2.7/site-packages/fred/sender.pyc
/Users/ayik/.virtualenvs/fred/lib/python2.7/site-packages/fred/session_base.pyc
/Users/ayik/.virtualenvs/fred/lib/python2.7/site-packages/fred/session_command.pyc
/Users/ayik/.virtualenvs/fred/lib/python2.7/site-packages/fred/session_config.pyc
/Users/ayik/.virtualenvs/fred/lib/python2.7/site-packages/fred/session_receiver.pyc
/Users/ayik/.virtualenvs/fred/lib/python2.7/site-packages/fred/session_transfer.pyc
/Users/ayik/.virtualenvs/fred/lib/python2.7/site-packages/fred/terminal_controler.pyc
/Users/ayik/.virtualenvs/fred/lib/python2.7/site-packages/fred/test_incomming_messages.pyc
/Users/ayik/.virtualenvs/fred/lib/python2.7/site-packages/fred/test_parser.pyc
/Users/ayik/.virtualenvs/fred/lib/python2.7/site-packages/fred/translate.pyc
/Users/ayik/.virtualenvs/fred/lib/python2.7/site-packages/guiqt4/__init__.pyc
/Users/ayik/.virtualenvs/fred/lib/python2.7/site-packages/guiqt4/create_contact.pyc
/Users/ayik/.virtualenvs/fred/lib/python2.7/site-packages/guiqt4/create_domain.pyc
/Users/ayik/.virtualenvs/fred/lib/python2.7/site-packages/guiqt4/create_nsset.pyc
/Users/ayik/.virtualenvs/fred/lib/python2.7/site-packages/guiqt4/dns.pyc
/Users/ayik/.virtualenvs/fred/lib/python2.7/site-packages/guiqt4/main.pyc
/Users/ayik/.virtualenvs/fred/lib/python2.7/site-packages/guiqt4/shared_fnc.pyc
/Users/ayik/.virtualenvs/fred/lib/python2.7/site-packages/guiqt4/sources.pyc
/Users/ayik/.virtualenvs/fred/lib/python2.7/site-packages/guiqt4/test_share_fnc.pyc
/Users/ayik/.virtualenvs/fred/lib/python2.7/site-packages/guiqt4/ui_create_contact.pyc
/Users/ayik/.virtualenvs/fred/lib/python2.7/site-packages/guiqt4/ui_create_domain.pyc
/Users/ayik/.virtualenvs/fred/lib/python2.7/site-packages/guiqt4/ui_create_nsset.pyc
/Users/ayik/.virtualenvs/fred/lib/python2.7/site-packages/guiqt4/ui_dns.pyc
/Users/ayik/.virtualenvs/fred/lib/python2.7/site-packages/guiqt4/ui_main.pyc
/Users/ayik/.virtualenvs/fred/lib/python2.7/site-packages/guiqt4/ui_sources.pyc
/Users/ayik/.virtualenvs/fred/lib/python2.7/site-packages/guiqt4/ui_update_contact.pyc
/Users/ayik/.virtualenvs/fred/lib/python2.7/site-packages/guiqt4/ui_update_domain.pyc
/Users/ayik/.virtualenvs/fred/lib/python2.7/site-packages/guiqt4/ui_update_nsset.pyc
/Users/ayik/.virtualenvs/fred/lib/python2.7/site-packages/guiqt4/update_contact.pyc
/Users/ayik/.virtualenvs/fred/lib/python2.7/site-packages/guiqt4/update_domain.pyc
/Users/ayik/.virtualenvs/fred/lib/python2.7/site-packages/guiqt4/update_nsset.pyc
/Users/ayik/.virtualenvs/fred/bin/fred-client
/Users/ayik/.virtualenvs/fred/bin/fred-client-qt4.pyw
/Users/ayik/.virtualenvs/fred/share/fred-client/fred_howto_cs.html
/Users/ayik/.virtualenvs/fred/share/fred-client/niccz_console.ico
/Users/ayik/.virtualenvs/fred/share/fred-client/niccz_gui.ico
/Users/ayik/.virtualenvs/fred/share/fred-client/configure.ico
/Users/ayik/.virtualenvs/fred/share/fred-client/help.ico
/Users/ayik/.virtualenvs/fred/share/fred-client/README_EN.txt
/Users/ayik/.virtualenvs/fred/share/fred-client/README_CS.txt
/Users/ayik/.virtualenvs/fred/share/fred-client/README_CS.html
/Users/ayik/.virtualenvs/fred/share/fred-client/README_QT4_CS.pdf
/Users/ayik/.virtualenvs/fred/share/fred-client/ssl/test-cert.pem
/Users/ayik/.virtualenvs/fred/share/fred-client/ssl/test-key.pem
/Users/ayik/.virtualenvs/fred/etc/fred/fred-client.conf
/Users/ayik/.virtualenvs/fred/share/fred-client/schemas/all-2.3.1.xsd
/Users/ayik/.virtualenvs/fred/share/fred-client/schemas/all.xsd
/Users/ayik/.virtualenvs/fred/share/fred-client/schemas/ChangeLog
/Users/ayik/.virtualenvs/fred/share/fred-client/schemas/contact-1.6.1.xsd
/Users/ayik/.virtualenvs/fred/share/fred-client/schemas/domain-1.4.1.xsd
/Users/ayik/.virtualenvs/fred/share/fred-client/schemas/enumval-1.2.0.xsd
/Users/ayik/.virtualenvs/fred/share/fred-client/schemas/epp-1.0.xsd
/Users/ayik/.virtualenvs/fred/share/fred-client/schemas/eppcom-1.0.xsd
/Users/ayik/.virtualenvs/fred/share/fred-client/schemas/fred-1.5.0.xsd
/Users/ayik/.virtualenvs/fred/share/fred-client/schemas/fredcom-1.2.0.xsd
/Users/ayik/.virtualenvs/fred/share/fred-client/schemas/keyset-1.3.1.xsd
/Users/ayik/.virtualenvs/fred/share/fred-client/schemas/nsset-1.2.1.xsd
/Users/ayik/.virtualenvs/fred/share/fred-client/schemas/README
/Users/ayik/.virtualenvs/fred/lib/python2.7/site-packages/fred_client-2.4.1-py2.7.egg-info
